2025-05-23T16:49:52.446+05:30  INFO 15620 --- [Address-Book_App] [restartedMain] n.s.a.AddressBookAppApplication          : Starting AddressBookAppApplication using Java 21.0.6 with PID 15620 (C:\Users\surya\Documents\workspace-spring-tools-for-eclipse-4.30.0.RELEASE\Address-Book_App\target\classes started by surya in C:\Users\surya\Documents\workspace-spring-tools-for-eclipse-4.30.0.RELEASE\Address-Book_App)
2025-05-23T16:49:52.447+05:30  INFO 15620 --- [Address-Book_App] [restartedMain] n.s.a.AddressBookAppApplication          : No active profile set, falling back to 1 default profile: "default"
2025-05-23T16:49:52.479+05:30  INFO 15620 --- [Address-Book_App] [restartedMain] .e.DevToolsPropertyDefaultsPostProcessor : Devtools property defaults active! Set 'spring.devtools.add-properties' to 'false' to disable
2025-05-23T16:49:52.479+05:30  INFO 15620 --- [Address-Book_App] [restartedMain] .e.DevToolsPropertyDefaultsPostProcessor : For additional web related logging consider setting the 'logging.level.web' property to 'DEBUG'
2025-05-23T16:49:52.898+05:30  INFO 15620 --- [Address-Book_App] [restartedMain] .s.d.r.c.RepositoryConfigurationDelegate : Bootstrapping Spring Data JPA repositories in DEFAULT mode.
2025-05-23T16:49:52.933+05:30  INFO 15620 --- [Address-Book_App] [restartedMain] .s.d.r.c.RepositoryConfigurationDelegate : Finished Spring Data repository scanning in 29 ms. Found 1 JPA repository interface.
2025-05-23T16:49:53.221+05:30  INFO 15620 --- [Address-Book_App] [restartedMain] o.s.b.w.embedded.tomcat.TomcatWebServer  : Tomcat initialized with port 8080 (http)
2025-05-23T16:49:53.232+05:30  INFO 15620 --- [Address-Book_App] [restartedMain] o.apache.catalina.core.StandardService   : Starting service [Tomcat]
2025-05-23T16:49:53.232+05:30  INFO 15620 --- [Address-Book_App] [restartedMain] o.apache.catalina.core.StandardEngine    : Starting Servlet engine: [Apache Tomcat/10.1.40]
2025-05-23T16:49:53.265+05:30  INFO 15620 --- [Address-Book_App] [restartedMain] o.a.c.c.C.[Tomcat].[localhost].[/]       : Initializing Spring embedded WebApplicationContext
2025-05-23T16:49:53.265+05:30  INFO 15620 --- [Address-Book_App] [restartedMain] w.s.c.ServletWebServerApplicationContext : Root WebApplicationContext: initialization completed in 786 ms
2025-05-23T16:49:53.369+05:30  INFO 15620 --- [Address-Book_App] [restartedMain] o.hibernate.jpa.internal.util.LogHelper  : HHH000204: Processing PersistenceUnitInfo [name: default]
2025-05-23T16:49:53.397+05:30  INFO 15620 --- [Address-Book_App] [restartedMain] org.hibernate.Version                    : HHH000412: Hibernate ORM core version 6.6.13.Final
2025-05-23T16:49:53.417+05:30  INFO 15620 --- [Address-Book_App] [restartedMain] o.h.c.internal.RegionFactoryInitiator    : HHH000026: Second-level cache disabled
2025-05-23T16:49:53.597+05:30  INFO 15620 --- [Address-Book_App] [restartedMain] o.s.o.j.p.SpringPersistenceUnitInfo      : No LoadTimeWeaver setup: ignoring JPA class transformer
2025-05-23T16:49:53.615+05:30  INFO 15620 --- [Address-Book_App] [restartedMain] com.zaxxer.hikari.HikariDataSource       : HikariPool-1 - Starting...
2025-05-23T16:49:53.845+05:30  INFO 15620 --- [Address-Book_App] [restartedMain] com.zaxxer.hikari.pool.HikariPool        : HikariPool-1 - Added connection com.mysql.cj.jdbc.ConnectionImpl@3c56b26a
2025-05-23T16:49:53.847+05:30  INFO 15620 --- [Address-Book_App] [restartedMain] com.zaxxer.hikari.HikariDataSource       : HikariPool-1 - Start completed.
2025-05-23T16:49:53.877+05:30  WARN 15620 --- [Address-Book_App] [restartedMain] org.hibernate.orm.deprecation            : HHH90000025: MySQL8Dialect does not need to be specified explicitly using 'hibernate.dialect' (remove the property setting and it will be selected by default)
2025-05-23T16:49:53.879+05:30  WARN 15620 --- [Address-Book_App] [restartedMain] org.hibernate.orm.deprecation            : HHH90000026: MySQL8Dialect has been deprecated; use org.hibernate.dialect.MySQLDialect instead
2025-05-23T16:49:53.890+05:30  INFO 15620 --- [Address-Book_App] [restartedMain] org.hibernate.orm.connections.pooling    : HHH10001005: Database info:
	Database JDBC URL [Connecting through datasource 'HikariDataSource (HikariPool-1)']
	Database driver: undefined/unknown
	Database version: 8.0
	Autocommit mode: undefined/unknown
	Isolation level: undefined/unknown
	Minimum pool size: undefined/unknown
	Maximum pool size: undefined/unknown
2025-05-23T16:49:54.389+05:30  INFO 15620 --- [Address-Book_App] [restartedMain] o.h.e.t.j.p.i.JtaPlatformInitiator       : HHH000489: No JTA platform available (set 'hibernate.transaction.jta.platform' to enable JTA platform integration)
2025-05-23T16:49:54.425+05:30  INFO 15620 --- [Address-Book_App] [restartedMain] j.LocalContainerEntityManagerFactoryBean : Initialized JPA EntityManagerFactory for persistence unit 'default'
2025-05-23T16:49:54.597+05:30  WARN 15620 --- [Address-Book_App] [restartedMain] JpaBaseConfiguration$JpaWebConfiguration : spring.jpa.open-in-view is enabled by default. Therefore, database queries may be performed during view rendering. Explicitly configure spring.jpa.open-in-view to disable this warning
2025-05-23T16:49:54.788+05:30  INFO 15620 --- [Address-Book_App] [restartedMain] o.s.b.a.h2.H2ConsoleAutoConfiguration    : H2 console available at '/h2-console'. Database available at 'jdbc:mysql://localhost:3306/suryadb'
2025-05-23T16:49:54.828+05:30  INFO 15620 --- [Address-Book_App] [restartedMain] o.s.b.d.a.OptionalLiveReloadServer       : LiveReload server is running on port 35729
2025-05-23T16:49:54.855+05:30  INFO 15620 --- [Address-Book_App] [restartedMain] o.s.b.w.embedded.tomcat.TomcatWebServer  : Tomcat started on port 8080 (http) with context path '/'
2025-05-23T16:49:54.861+05:30  INFO 15620 --- [Address-Book_App] [restartedMain] n.s.a.AddressBookAppApplication          : Started AddressBookAppApplication in 2.707 seconds (process running for 3.129)
2025-05-23T16:50:28.396+05:30  INFO 15620 --- [Address-Book_App] [http-nio-8080-exec-2] o.a.c.c.C.[Tomcat].[localhost].[/]       : Initializing Spring DispatcherServlet 'dispatcherServlet'
2025-05-23T16:50:28.396+05:30  INFO 15620 --- [Address-Book_App] [http-nio-8080-exec-2] o.s.web.servlet.DispatcherServlet        : Initializing Servlet 'dispatcherServlet'
2025-05-23T16:50:28.398+05:30  INFO 15620 --- [Address-Book_App] [http-nio-8080-exec-2] o.s.web.servlet.DispatcherServlet        : Completed initialization in 1 ms
2025-05-23T16:52:20.757+05:30  INFO 15620 --- [Address-Book_App] [RMI TCP Connection(6)-127.0.0.1] inMXBeanRegistrar$SpringApplicationAdmin : Application shutdown requested.
2025-05-23T16:52:20.759+05:30  INFO 15620 --- [Address-Book_App] [RMI TCP Connection(6)-127.0.0.1] o.s.b.w.e.tomcat.GracefulShutdown        : Commencing graceful shutdown. Waiting for active requests to complete
2025-05-23T16:52:20.761+05:30  INFO 15620 --- [Address-Book_App] [tomcat-shutdown] o.s.b.w.e.tomcat.GracefulShutdown        : Graceful shutdown complete
2025-05-23T16:52:20.764+05:30  INFO 15620 --- [Address-Book_App] [RMI TCP Connection(6)-127.0.0.1] j.LocalContainerEntityManagerFactoryBean : Closing JPA EntityManagerFactory for persistence unit 'default'
2025-05-23T16:52:20.766+05:30  INFO 15620 --- [Address-Book_App] [RMI TCP Connection(6)-127.0.0.1] com.zaxxer.hikari.HikariDataSource       : HikariPool-1 - Shutdown initiated...
2025-05-23T16:52:20.770+05:30  INFO 15620 --- [Address-Book_App] [RMI TCP Connection(6)-127.0.0.1] com.zaxxer.hikari.HikariDataSource       : HikariPool-1 - Shutdown completed.
